WARNING: the --id option is deprecated and will eventually be removed
host: couldn't get address for 'самолетик': not found
WARNING: the --id option is deprecated and will eventually be removed
host: couldn't get address for 'мой': not found
No definitions found for "meth"
dict 1.12.0/rf on Linux 3.2.0-4-686-pae
Copyright 1997-2002 Rickard E. Faith (faith@dict.org)
Copyright 2002-2007 Aleksey Cheusov (vle@gmx.net)

Use --help for help
dict 1.12.0/rf on Linux 3.2.0-4-686-pae
Copyright 1997-2002 Rickard E. Faith (faith@dict.org)
Copyright 2002-2007 Aleksey Cheusov (vle@gmx.net)

Use --help for help
dict 1.12.0/rf on Linux 3.2.0-4-686-pae
Copyright 1997-2002 Rickard E. Faith (faith@dict.org)
Copyright 2002-2007 Aleksey Cheusov (vle@gmx.net)

Use --help for help
dict 1.12.0/rf on Linux 3.2.0-4-686-pae
Copyright 1997-2002 Rickard E. Faith (faith@dict.org)
Copyright 2002-2007 Aleksey Cheusov (vle@gmx.net)

Use --help for help
dict 1.12.0/rf on Linux 3.2.0-4-686-pae
Copyright 1997-2002 Rickard E. Faith (faith@dict.org)
Copyright 2002-2007 Aleksey Cheusov (vle@gmx.net)

Use --help for help
dict 1.12.0/rf on Linux 3.2.0-4-686-pae
Copyright 1997-2002 Rickard E. Faith (faith@dict.org)
Copyright 2002-2007 Aleksey Cheusov (vle@gmx.net)

Use --help for help
sh: 1: Syntax error: "(" unexpected
dict 1.12.0/rf on Linux 3.2.0-4-686-pae
Copyright 1997-2002 Rickard E. Faith (faith@dict.org)
Copyright 2002-2007 Aleksey Cheusov (vle@gmx.net)

Use --help for help
WARNING: the --id option is deprecated and will eventually be removed
WARNING: the --id option is deprecated and will eventually be removed
No definitions found for "sanlink"
No definitions found for "sunlink"
dict 1.12.0/rf on Linux 3.2.0-4-686-pae
Copyright 1997-2002 Rickard E. Faith (faith@dict.org)
Copyright 2002-2007 Aleksey Cheusov (vle@gmx.net)

Use --help for help
dict 1.12.0/rf on Linux 3.2.0-4-686-pae
Copyright 1997-2002 Rickard E. Faith (faith@dict.org)
Copyright 2002-2007 Aleksey Cheusov (vle@gmx.net)

Use --help for help
dict 1.12.0/rf on Linux 3.2.0-4-686-pae
Copyright 1997-2002 Rickard E. Faith (faith@dict.org)
Copyright 2002-2007 Aleksey Cheusov (vle@gmx.net)

Use --help for help
sh: 1: /home/olivka/rubl.sh: not found
sh: 1: /home/olivka/rubl.sh: not found
sh: 1: /home/olivka/grivna.sh: not found
sh: 1: /home/olivka/rubl.sh: not found
sh: 1: /home/olivka/rubl.sh: not found
sh: 1: /home/olivka/rubl.sh: not found
sh: 1: /home/olivka/grivna.sh: not found
sh: 1: /home/olivka/rubl.sh: not found
sh: 1: pwgen: not found
dict 1.12.0/rf on Linux 3.2.0-4-686-pae
Copyright 1997-2002 Rickard E. Faith (faith@dict.org)
Copyright 2002-2007 Aleksey Cheusov (vle@gmx.net)

Use --help for help
No definitions found for "maintance"
No definitions found for "maintanse"
No definitions found for "Asminok"
No definitions found for "TexHekGnusmas"
No definitions found for "TexHekGnusmas"
No definitions found for "TexHekMacOsX"
No definitions found for "zind"
No definitions found for "zind"
dict 1.12.0/rf on Linux 3.2.0-4-686-pae
Copyright 1997-2002 Rickard E. Faith (faith@dict.org)
Copyright 2002-2007 Aleksey Cheusov (vle@gmx.net)

Use --help for help
No definitions found for "fasepalm"
No definitions found for "facepalm"
dict 1.12.0/rf on Linux 3.2.0-4-686-pae
Copyright 1997-2002 Rickard E. Faith (faith@dict.org)
Copyright 2002-2007 Aleksey Cheusov (vle@gmx.net)

Use --help for help
No definitions found for "wexler"
No definitions found for "Asminok"
dict 1.12.0/rf on Linux 3.2.0-4-686-pae
Copyright 1997-2002 Rickard E. Faith (faith@dict.org)
Copyright 2002-2007 Aleksey Cheusov (vle@gmx.net)

Use --help for help
No definitions found for "noname"
