пизда+4
хуизда+4
пизда+6
хуизда+6
пизда+6
хуизда+6
пизда+6
хуизда+6
пизда
хуизда
вирус
хуирус
хуирус
хуюирус
хуюирус
хуююирус
хуюеирус
хуююеирус
хуеюирус
хуюеюирус
пиьска
хуиьска
пуьска
хуюьска
деист
хуеист
путин
хуютин
—ыновь€+ќзиила:+первый+ћиха+и+второй+»шши€.
хуиновь€+хуЄзиила:+хуервый+хуиха+хуи+хуЄрой+хуишши€.
хуютин
хуюютин
хуюютин
хуююютин
тектоническа€
хуектоническа€
123+456

123

123

123

123

123

123 4562

123 45622

123 456223

123 456223

тектоническа€ плита
хуектоническа€ хуита
тектоническа€ плита
хуектоническа€ хуита
иди
хуиди
психопуськой
хуихопуськой
эпоксидка или акрил
хуепоксидка хуили ху€крил
лукашенко
хуюкашенко
оливкa
хуЄливкa
братский народ
ху€тский ху€род
димитрий
хуимитрий
борода
хуЄрода
злой
хуЄй
йод
хуЄд
мЄд
хуЄд
код
хуЄд
хуЄд
хуюЄд
хуюЄд
хуююЄд
Є
хуЄ
ъ

ъс

ауыух
ху€уыух
сь

сьсъсъ

бл€
ху€
сьсъисъ
хуисъ
ссисъ
хуисъ
сиъ
хуиъ
иь
хуиь
ьЄ
хуЄ
Є
хуЄ
х

брак
ху€к
“ектоническа€ плита
’уектоническа€ хуита
Ѕудка стивенсона
’уюдка хуивенсона
Ѕлинчики  ак у бабушки
’уинчики ’у€к у ху€бушки
падл, праймер, флип, свайп, торч, спин
ху€дл, ху€ймер, хуип, ху€йп, хуЄрч, хуин
хуйн€
хуюйн€
песда ебическа€
хуесда хуебическа€
а зан€ты кто
а ху€н€ты хуЄ
Ћенивые мошенники
’уенивые хуЄшенники
гарь
ху€рь
войлок
хуЄйлок
кокле
хуЄкле
шалом
ху€лом
щдрасьте
ху€сьте
мотоблок
хуЄтоблок
солдаты нато
хуЄлдаты ху€то
котаны
хуЄтаны
милый клоун
хуилый хуЄун
мерхаба
хуерхаба
никогда
хуикогда
силиконовый монстр
хуиликоновый хуЄнстр
полудомойнак
хуЄлудомойнак
“отальный диктант
’уЄтальный хуиктант
завтра
ху€втра
владимир владимирович путин
ху€димир ху€димирович хуютин
классика
ху€ссика
станица
ху€ница
латынина обнищала совсем, плачетс€, грозитс€ закрыть передачу
в хуЄде хуюрорских хуерок хуЄзбуждено 10 хуюголовных хуел о хуЄррупции € хуЄтел хуюпить и хуивал: а хуЄваривать по хуей хуЄжно хуинина хуищала хуЄвсем, хуетс€, хуитс€ ху€крыть хуедачу ---- в хуЄде хуЄкурорских хуЄверок хуюждено 10 хуюголовных хуел о хуюпции € хуЄтел хуюпить и хуивал: а ху€зговаривать по хуей хуЄжно ху€тынина хуищала хуЄвсем, ху€четс€, хуЄзитс€ ху€крыть хуередачу
латынина обнищала совсем, плачетс€, грозитс€ закрыть передачу
хуинина хуЄбнищала хуЄвсем, хуетс€, хуЄзитс€ ху€крыть хуедачу
Ѕольша€ срака была выебана
’у€€ ху€ка хуила хуебана
гравий
ху€вий
филолог
хуилолог
мизантропище
хуизантропище
амстердам на травах
ху€мстердам на ху€вах
аред
ху€ред
лавина
ху€вина
лавина
ху€вина
лавина
хуина
лавина
ху€вина
вхуй поцев
хуюй хуЄцев
флюорит
хуЄрит
нескончаемый свинобл€додень
хуЄнчаемый хуЄбл€додень
билоруский искусственный интеллект
хуилоруский хуюсственный хуинтеллект
Ёкипаж польских сантехников в экстренном пор€дке отправ€т на ћ —.
’уипаж хуЄльских ху€нтехников в хуекстренном хуЄр€дке хуЄтправ€т на ћ —.
e

c

может, € еврей!
хуЄжет, € хуеврей!
завтра
ху€втра
прогноз
хуЄгноз
ик

обр€д
хуЄбр€д
ƒамы выбирают кавалеров или матриархат во всей красе
’у€мы хуибирают ху€валеров хуили ху€триархат во хуей ху€се
Dzien dobry

ѕодскажите, что это за заболевание?
’уЄдскажите, хуЄ хуето за ху€болевание?
¬едущие европейские вузы создают кафедры научного феминизма.
’ующие хуевропейские хуюзы ху€ют хуедры ху€учного хуинизма.
креветхоз
хуетхоз
bonjour

√ерман √реф презентовал услугу Ђ—пас от —бераї.
’уерман ’уеф хуезентовал хуюгу Ђ’у€с от ’уераї.
вымоина
хуЄина
выкрест
хуикрест
помои
хуЄи
пробоина
хуЄина
—трельба у синагоги в ¬ене, до семи убитых
’уельба у ху€гоги в ’уене, до хуеми хуюбитых
символ
хуимвол
акрил
ху€крил
Ћукашенко сообщил о готовности прин€ть на службу в ќћќЌ доцента —околова.
’уюкашенко хуЄбщил о хуЄвности хуин€ть на хуюжбу в ’у®ћќЌ хуента ’уЄколова.
÷ентробанк установит курс доллара на уровне 1 килограмма рублей.
’уентробанк ху€новит хуюрс ху€ра на хуюровне 1 хуилограмма хуюблей.
Ќоруон норгуй
’уЄруон хуЄргуй
’уЄруон хуЄргуй
’уюЄруон хуюЄргуй
’уюЄруон хуюЄргуй
’уююЄруон хуююЄргуй
’уююЄруон хуююЄргуй
’уюююЄруон хуюююЄргуй
трамп или байден
ху€мп хуили ху€йден
роутинг
хуЄутинг
балда ты глупа€
ху€лда ты хуюпа€
завтра
ху€втра
прогноз
хуЄгноз
¬ Ѕеларуси вводитс€ расписание доступа в интернет.
¬ ’уеларуси хуЄдитс€ ху€списание хуюпа в хуинтернет.
стройте домы и живите _в них,_ и разводите сады и ешьте плоды их.
хуЄйте хуЄмы и хуивите _в хуих,_ и хуЄдите ху€ды и хуешьте хуЄды их.
пезда
хуезда
до марта
до ху€рта
пассеист
ху€ссеист
епоц
хуепоц
јх, как интересно!
јх, ху€к хуинтересно!
¬едущие европейские вузы создают кафедры научного феминизма.
’ующие хуЄпейские хуюзы ху€ют хуедры ху€учного хуинизма.
 ремль
’уемль
смузи
хуюзи
ричард
хуичард
сувель
хуювель
верхова€ езда
хуЄва€ хуезда
Ќа все сто!
Ќа хуе хуЄ!
ƒодон подписал указ, переподчин€ющий ему ќћќЌ и дающий право обращатьс€ к иностранным государствам за военной помощью.
’уЄдон хуисал хуюказ, хуеподчин€ющий хуему ’у®ћќЌ и хующий ху€во ху€щатьс€ к хуЄстранным хуюдарствам за хуЄенной хуЄмощью.
бипы
хуипы
ћо€ колоризаци€
’уЄ€ хуЄлоризаци€
¬ Ќовосибирске узбек, казах и татарин подрались, вы€сн€€, кто из них еврей.
¬ ’уЄсибирске хуюзбек, ху€зах и ху€тарин ху€лись, хуи€сн€€, хуЄ из хуих хуеврей.
новый год к нам мчитс€
хуЄвый хуЄд к ху€м хуитс€
кор€венька€
хуЄр€венька€
кор€венька€
хуЄр€венька€
кор€венька€
ху€венька€
если
хуесли
€сли
ху€сли
€ма
ху€ма
кол
хуЄл
тл€
ху€
ещЄ
хуещЄ
кот
хуЄт
кот
хуЄт
кот
хуекот
ко
хуеко
€ма

€ма
ху€ма
кол
хуекол
кот
хуекот
ли
хуели
та
хуета
бл€
хуебл€
три
хуетри
гы
хуегы
к

хуй
хуехуй
дл€
хуедл€
фпезду кандидатов
хуезду ху€ндидатов
балерина
хуерина
андре€нова
хуе€нова
пу
хуепу
х

а

Ѕиологическое центрирование - очередное модное направление в
’уЄлогическое хуентрирование - хуередное хуЄе ху€вление в
хаски
ху€ски
кутас
хуютас
»зумительно!
’уюмительно!
musha-musha

«аписки продавца настольных игр
’уиски хуЄдавца хуЄльных игр
игр

тигр

¬ Ѕелоруссии защищена перва€ докторска€ диссертаци€ о св€зи Ѕ„Ѕ-ленты и шизофрении.
¬ ’уелоруссии ху€щищена ху€€ хуЄкторска€ хуиссертаци€ о ху€зи хуеЅ„Ѕ-хуенты и хуизофрении.
бкд
хуебкд
кд
хуекд
перва€
ху€€
трамбон
ху€мбон
минск
хуинск
путин
хуютин
да ты - оппозит!
хуеда хуеты - хуЄппозит!
чубайс
хуюбайс
коробка с карандашами
хуЄробка с ху€рандашами
рептилоиды
хуептилоиды
контрабандисты
ху€бандисты
–учна€ роспись —нежный барс

ѕодкладка обуви - как суслик: еЄ не видно, но она есть и важна!

„лены корейского бой-бенда BTS стали заслуженными артистами –еспублики  азахстан.

ѕростите мою нав€зчивость, но € так пон€л, что вы, помимо всего прочего, еще и не верите в Ѕога?†

беж

ѕилат оп€ть вышел и сказал им: вот, € вывожу ≈го к вам, чтобы вы знали, что € не нахожу в Ќем никакой вины.

¬ –оссии нет первой леди, но есть сразу несколько первых бл€дей!

новичок



новичок
хуичок
партнер
ху€ртнер
≈сли ты не кривоногих, криворуких, кривомордых
’у≈сли хуеты хуене хуивоногих, хуиворуких, хуивомордых
хуееееер€ить

гиповитаминоз
хуЄвитаминоз
гипо
хуипо
гиподинами€
хуиподинами€
гипови
хуипови
гиповита
хуиповита
гиповитаминоз
хуиповитаминоз
¬ Ѕелоруссии защищена перва€ докторска€ диссертаци€ о св€зи Ѕ„Ѕ-ленты и шизофрении.
¬ ’уелоруссии ху€щищена ху€€ хуЄрска€ хуиссертаци€ о ху€зи хуеЅ„Ѕ-хуенты и хуизофрении.
кагдила
хуила
кб
хуекб
а когда рубль войдет в новогоднее пике
а хуЄгда хуюбль хуЄйдет в хуЄвогоднее хуике
пандеми€
ху€ндеми€
малевича
хуевича
малевича давай
хуевича ху€вай
малевичев
ху€левичев
хгими з6 кетайска€ хн€
хуими з6 ху€йска€ хуехн€
агенда
ху€генда
кал≥ Ґжо глыток
кал≥ хуеҐжо хуиток
аресибо
ху€ресибо
цельсий
хуельсий
пельмешки
хуешки
«а помощь китайцам с контрабандой российского прокурора вз€ли под стражу
хуе«а хуЄмощь хуитайцам с ху€бандой хуЄссийского хуюрора ху€ли хуепод ху€жу
rарабах
ху€рабах
¬ √осдуму внесЄн законопроект о восстановлении двор€нских титулов.
¬ ’уЄсдуму хуесЄн хуЄнопроект о ху€новлении ху€нских хуитулов.
банана умна€?
ху€на хуюмна€?
бостон
хуЄстон
зима
хуима
¬интер!
’уинтер!
а кто фрезеровщик
а хуекто хуезеровщик
саранча вкусна€?
ху€нча ху€€?
вкусна€
ху€€
Godan daginn!

Ќеожиданное наблюдение
’уеожиданное хуюдение
прививку
хуивку
»щите же прежде ÷арства Ѕожи€ и правды ≈го, и это все приложитс€ вам.
’уите хуеже хуежде ’у€рства ’уи€ и ху€вды хуе≈го, и хуето хуевсе хуЄжитс€ хуевам.
оскорбление чуйств верующих!
хуЄскорбление хуюйств хуерующих!
 оличество мест в —овете ‘едерации может быть увеличено до 5 тыс€ч.
’уичество мест в ’уЄвете ’уедерации хуЄжет быть хуеличено хуедо 5 хуис€ч.
йо
хуейо
ху
хуеху
х

сегодн€ 22  ислева 5781 года. √лава этой недели - ¬аешев. „ерез 3 дн€ праздник - ’анука.
хуегодн€ 22 ’уева 5781 хуЄда. ’у€ва хуетой хуели - ’уешев. ’уерез 3 хуедн€ ху€здник - ’у€нука.
€бископ
ху€бископ
а не гандонево ли нахуй ебаное
а хуене хуЄнево хуели ху€хуй ху€ное
торги
хуЄрги
„убайс: јмериканские эксперты подготов€т новую пенсионную реформу в –оссии.
’уюбайс: ’уямериканские хуексперты хуЄтов€т хуюю хуенсионную хуеформу в ’уии.
в »ерусалиме жили из сыновей »уды и из сыновей ¬ениамина. »з сыновей »уды: јфаи€, сын ”ззии, сын «ахарии, сын јмарии, сын —афатии, сын ћалелеила, из сыновей ‘ареса,
в ’уерусалиме хуили из хуЄвей ’у»уды и из хуЄвей ’уениамина. хуе»з хуиновей ’у»уды: ’у€и€, хуесын ’уёззии, хуесын ’у€харии, хуесын ’у€рии, хуесын ’у€фатии, хуесын ’у€лелеила, из хуиновей ’у€реса,
ќтстань от мен€! я тоже украшение!
’у®тстань от хуен€! я хуЄже ху€шение!
≈банулась на ќтлично
’у≈банулась хуена ’у®тлично
ѕочту –оссии об€зали 6 лет хранить переписку граждан.
’уЄчту ’уии ху€зали 6 хуелет ху€нить хуеписку ху€ждан.
¬ы†Ч атеисты?!
хуе¬ы†Ч хуеисты?!
кубрик
хуюбрик
анусодень
хуюсодень
дифф

медово-горчичный
хуедово-хуичный
понорама
хуЄнорама
 ак € над посылкой плакала. јƒћ ћосква - јстрахань
хуе ак € хуенад хуЄсылкой ху€кала. хуејƒћ ’уЄсква - ’у€хань
¬ нашем доме поселилс€ замечательный сосед-2
¬ ху€шем хуЄме хуЄселилс€ хуечательный хуЄсед-2
помутируй хуй
хуютируй хуехуй
тайра
ху€йра
а в туле марос?
а в хуюле ху€рос?
∆елезнодорожный котик
’уелезнодорожный хуЄтик
искусство
хуискусство
театр
хуеатр
лучше
хуючше
ƒочерн€€ компани€ –оскосмоса займетс€ добычей лити€ в Ѕоливии.
’уЄчерн€€ ху€ни€ ’уЄсмоса ху€йметс€ хуичей хуи€ в ’уЄливии.
прачечна€
хуечна€
√еннадий «юганов предложил национализировать YouTube.
’уеннадий ’у€нов хуедложил ху€ционализировать YouTube.
ютьюб
хуютьюб
÷вет настроени€ синий. ћоЄ бисерное рукоделие за этот год
÷вет хуЄени€ хуиний. хуећоЄ хуисерное хуЄделие хуеза хуетот хуегод
вирусы
хуирусы
католики
хуЄлики
¬ онтакте заблокировала страницу Ќавального и сообщества в его поддержку.
’уЄнтакте хуЄкировала ху€ницу ’у€вального и хуЄбщества в хуего хуЄддержку.
пу
хуепу
tungjatjeta

Assalomu alaikum!

еще вчера замерзла

фреза


ху€йский
sfgsdf


залупа
хуюпа
фреза
хуеза
Ќавального официально обвинили в срыве оперативного меропри€ти€ и публикации личных данных сотрудников ‘—Ѕ.
’у€вального хуициально хуЄбвинили в хуиве хуЄперативного хуЄпри€ти€ и хуикации хуичных ху€нных хуЄтрудников хуе‘—Ѕ.
¬сЄ верно
хуе¬сЄ хуерно
свининка
хуинка
јлексей Ќавальный выдал кадры из GTA 5 за недвижимость ѕутина.
’уялексей ’у€вальный хуидал ху€дры из хуеGTA 5 хуеза хуедвижимость ’уина.
мамохин
ху€мохин
путин
хуютин
ћотиваци€
’уЄтиваци€
» хот€ он распрострет посреди его руки свои, как плавающий распростирает их дл€ плавани€
» хуЄт€ он хуЄстрет хуЄсреди хуего хуюки хуЄи, хуекак ху€ющий хуЄстирает их хуедл€ ху€ни€
ћинтруда готово дать ¬–ќ“ каждому росси€нину.
’уюда хуЄво дать ¬–ќ“ хуЄму хуЄсси€нину.
хватка
ху€тка
∆урналисты нашли завод √ƒ« в районе √еленджика.
’у€листы ху€шли ху€вод хуе√ƒ« в хуЄне ’уеленджика.
 онгресс —Ўј отменил степень MBA из-за дискриминационного названи€.
’уЄнгресс хуе—Ўј хуЄтменил хуепень хуеMBA из-хуеза хуиминационного ху€звани€.
гайки
ху€йки
»з-за т€жЄлой эпидемиологической ситуации уголовное наказание за коррупцию замен€т штрафом в 1000 рублей.
хуе»з-хуеза ху€жЄлой хуидемиологической хуюации хуюголовное ху€казание хуеза хуюпцию хуен€т ху€фом в 1000 хуюблей.
смола
хуЄла
курильский бобтейл
хуильский хуЄбтейл
визио
хуизио
…ода уже не тот
’уЄда хуюже хуене хуетот
NASA прин€ло ЂЋаду  алинуї, выпущенную на орбиту Ђ–оскосмосомї, за космический мусор.
NASA хуин€ло Ђ’у€ду ’уинуї, хующенную хуена хуЄрбиту Ђ’уЄскосмосомї, хуеза хуический хуюсор.
салюти
ху€люти
фланец
ху€нец
«адница ћиранды Ћоусон в опасности
’уица ’у€нды ’уюсон в ху€сности
“еперь посмотрите это видео - услови€ в камере где сейчас содержатс€ арестованные в —ахарово
’уеперь хуЄтрите хуето хуео - хуюслови€ в хуере хуегде хуейчас хуЄдержатс€ хуестованные в ’у€рово
а что у ncuxonycbka с фрезой
а хуечто у ncuxonycbka с хуезой
поц
хуепоц
хуец
хуюец
–аботникам компании Ђ—има-лендї, не вышедшим на флэшмоб в поддержку президента, уменьшат Ђсеруюї часть зарплаты.
’у€ботникам ху€нии Ђ’уима-лендї, хуене хуедшим хуена хуешмоб в хуержку хуезидента, хуюменьшат Ђхуююї ху€сть ху€ты.
јссалам алейкум!
’уяссалам хуейкум!
завтра
ху€втра
 орпораци€ Mail.ru Group объ€вила о покупке форума ƒвач.
’уЄрпораци€ Mail.хуеru Group ху€вила о хуюпке хуЄрума ƒвач.
¬ы†Ч атеисты?!
хуе¬ы†Ч хуеисты?!
ѕапа ‘ранциск начал процесс импичмента Ѕенедикта XVI.
’у€па ’у€нциск ху€чал хуЄцесс хуимпичмента ’уедикта хуеXVI.
муму
хуюму
переезжаем в оракл?
хуеезжаем в хуЄракл?
пезда


?????, ??????, ?????, ??????, ??????, ?????, ??????, ??????
пезда


?????, ??????, ?????, ??????, ??????, ?????, ??????, ??????
–њ–µ–Ј–і–∞

–њ–µ–Ј–і–∞
—Е—Г–µ–Ј–і–∞
пезда же

пезда
хуезда
пезда
хуезда
рамирес
хуирес
хуе
хуехуе
хуь
хуехуь
хъ
хуехъ
ъ

й

» от сего трепещет сердце мое и подвиглось с места своего.
» от хуего хуещет хуердце хуемое и хуиглось с хуеста хуЄего.
16

ƒиректор ‘»ѕ» изъ€ла из программы ≈√Ё по физике и профильной математике задачи с фонариками.
’уектор ’у»ѕ» хуизъ€ла из хуЄграммы хуе≈√Ё хуепо хуике и хуильной ху€тематике ху€дачи с ху€риками.
профильной
хуильной
а профильной трубой пагалаве
а хуильной хуюбой ху€лаве
gamardjobat!

chao!

Ѕывшие участники Daft Punk вступили в ансамбль национальной гвардии –оссии.
’уие ху€стники Daft Punk хуюпили в ху€нсамбль хуиональной хуии ’уЄссии.
бывшие
хуившие
Ѕывшие
’уие
ћы сделаем свой бизнес лучше босса и будем делать бабки! ќжидание vs реальность
хуећы хуелаем свой хуизнес хуючше хуЄсса и хуюдем хуелать ху€бки! ’уидание хуеvs ху€льность
—ыновь€ Ѕелы: ≈цбон, ”ззий, ”ззиил, »еримоф и »ри, п€теро, главы поколений, люди воинственные. ¬ родословных списках записано их двадцать две тыс€чи тридцать четыре.
’уЄвь€ ’уелы: ’у≈цбон, ’уёззий, ’уёззиил, ’у»еримоф и хуе»ри, хуеро, ху€вы хуЄколений, хуюди хуинственные. ¬ хуЄдословных хуисках хуисано их ху€дцать хуедве ху€чи хуидцать хуетыре.
¬от такие журналы нам нужны! »стори€ любви длиной в сорок четыре года
хуе¬от хуие хуюрналы хуенам хуюжны! ’у»стори€ хуюбви хуиной в хуЄрок хуире хуЄда
ье
хуеье
сума
хуюма
л€дов
ху€дов
и вменено будет вам это возношение ваше, как хлеб с гумна и как вз€тое от точила.
и хуенено хуюдет хуевам хуето хуЄзношение ху€ше, хуекак хлеб с хуюмна и хуекак хуЄе от хуила.
сегодн€ 13 јдара 5781 года. √лава этой недели - “эцавэ. «автра праздник - ѕурим.
хуЄдн€ 13 ’уядара 5781 хуЄда. ’у€ва хуетой хуедели - ’у€вэ. ’у€втра ху€здник - ’уюрим.
Ќароду же скажи: очиститесь к завтрашнему дню, и будете есть м€со
’у€роду хуеже ху€жи: хуЄчиститесь к ху€шнему хуедню, и хуете есть ху€со
юникстайм
хуюникстайм
биты
хуиты
куимов
хуюимов
устои
хуюстои
Ѕезм€тежность
’уезм€тежность
завитушки
ху€витушки
могилЄв
хуилЄв
¬ —колково разработали инновационную лопату дл€ жарки блинов.
¬ ’уЄлково ху€ботали хуинновационную ху€ту хуедл€ ху€рки хуинов.
завтра как
ху€втра хуекак
Ќа банкноте номиналом 15 рублей будет изображЄн Ћахта-центр.
хуеЌа хуЄте хуЄминалом 15 хуюблей хуюдет хуизображЄн ’у€хта-хуентр.
≈сли кто не помнит или не знает
’у≈сли хуекто хуене хуЄмнит хуили хуене ху€ет
ƒорогие пиджаки в рухнувших шкафах ѕонасенкова оказались китайской дешЄвкой.
’уЄгие хуиджаки в хуюхнувших ху€фах ’уЄнасенкова ху€зались хуитайской хуЄвкой.
Amnesty International признала »осифа —талина жертвой политических репрессий.
Amnesty International хуизнала ’у»осифа ’уина хуертвой хуЄлитических хуессий.
Ѕыли там
’уили хуетам
—кандал в такси или ¬ези мен€, м*** по нижегородски
’у€ндал в ху€кси хуили ’уези хуен€, м*** хуепо хуегородски
Guid mornin

»м€ одной ‘исон: она обтекает всю землю ’авила, ту, где золото.
хуе»м€ хуЄдной ’уисон: хуЄна хуекает хуевсю хуемлю ’у€вила, хуету, хуегде хуЄлото.
Ahlan wa sahlan
Ahlan хуеwa sahlan
Ќебольшой бизнесс
’уебольшой хуизнесс
.

.

»зумительно!
’у»зумительно!
’аумыгыгыз
’уюмыгыгыз
конем
хуЄнем
16

.

алиен
ху€лиен
скажи что про Makita LB1200F
ху€жи хуечто хуепро Makita хуеLB1200F
пилорама
хуЄрама
— ƒнЄм космонавтики!
— ƒнЄм хуЄсмонавтики!
уныние
хуюныние
а что у andy_16 с национальностью
а хуечто у andy_16 с ху€циональностью
Ќарзану нету.
’у€ну хуету.
ѕродолжение поста ЂЌайдена рыжа€ такса в “осненском районе. »щем хоз€инаї
’уЄлжение хуЄста Ђ’уена ху€€ ху€кса в ’уенском хуЄне. ’у»щем ху€инаї
торги
хуЄрги
–осстат зафиксировал снижение уровн€ бедности с 18,1 миллиона человек в 2019 до 17,8 мл
’уЄсстат ху€фиксировал хуение хуЄвн€ хуЄсти с 18,1 хуиона хуЄвек в 2019 хуедо 17,8 хуемл
јлла √утникова, редактор студенческого издани€ Doxa
’уялла ’уикова, хуедактор хуюденческого ху€ни€ Doxa
прогноз
хуЄгноз
чего молчишь?
хуего хуЄлчишь?
Ќад ”ральском
хуеЌад ’уёральском
всех в жопу
всех в хуЄпу
всех вжопу
всех хуЄпу
завтра
ху€втра
ты падуча€?
хуеты ху€дуча€?
Ќет, не ведЄм
хуеЌет, хуене хуедЄм
ѕочти†ћикеланджело
’уЄчти†’уикеланджело
наташа вы всЄ уронили
ху€ша хуевы хуевсЄ хуюронили
ќвальски
’у€льски
надо кои8
ху€до хуекои8
