This file contains any messages produced by compilers while
running configure, to aid debugging if configure makes a mistake.

It was created by Darkbot configure 8rc1, which was
generated by GNU Autoconf 2.59.  Invocation command line was

  $ ./configure 

## --------- ##
## Platform. ##
## --------- ##

hostname = acidflash
uname -m = i686
uname -r = 2.6.8-2-686-smp
uname -s = Linux
uname -v = #1 SMP Thu May 19 17:27:55 JST 2005

/usr/bin/uname -p = unknown
/bin/uname -X     = unknown

/bin/arch              = i686
/usr/bin/arch -k       = unknown
/usr/convex/getsysinfo = unknown
hostinfo               = unknown
/bin/machine           = unknown
/usr/bin/oslevel       = unknown
/bin/universe          = unknown

PATH: /usr/local/bin
PATH: /usr/bin
PATH: /bin
PATH: /usr/bin/X11
PATH: /usr/games


## ----------- ##
## Core tests. ##
## ----------- ##

configure:1327: checking whether to enable maintainer-specific portions of Makefiles
configure:1336: result: no
configure:1396: checking for a BSD-compatible install
configure:1451: result: /usr/bin/install -c
configure:1462: checking whether build environment is sane
configure:1505: result: yes
configure:1538: checking for gawk
configure:1567: result: no
configure:1538: checking for mawk
configure:1554: found /usr/bin/mawk
configure:1564: result: mawk
configure:1574: checking whether make sets $(MAKE)
configure:1594: result: yes
configure:1805: checking for gcc
configure:1821: found /usr/bin/gcc
configure:1831: result: gcc
configure:2075: checking for C compiler version
configure:2078: gcc --version </dev/null >&5
gcc (GCC) 3.3.5 (Debian 1:3.3.5-13)
Copyright (C) 2003 Free Software Foundation, Inc.
This is free software; see the source for copying conditions.  There is NO
warranty; not even for MERCHANTABILITY or FITNESS FOR A PARTICULAR PURPOSE.

configure:2081: $? = 0
configure:2083: gcc -v </dev/null >&5
Reading specs from /usr/lib/gcc-lib/i486-linux/3.3.5/specs
Configured with: ../src/configure -v --enable-languages=c,c++,java,f77,pascal,objc,ada,treelang --prefix=/usr --mandir=/usr/share/man --infodir=/usr/share/info --with-gxx-include-dir=/usr/include/c++/3.3 --enable-shared --enable-__cxa_atexit --with-system-zlib --enable-nls --without-included-gettext --enable-clocale=gnu --enable-debug --enable-java-gc=boehm --enable-java-awt=xlib --enable-objc-gc i486-linux
Thread model: posix
gcc version 3.3.5 (Debian 1:3.3.5-13)
configure:2086: $? = 0
configure:2088: gcc -V </dev/null >&5
gcc: `-V' option must have argument
configure:2091: $? = 1
configure:2114: checking for C compiler default output file name
configure:2117: gcc    conftest.c  >&5
configure:2120: $? = 0
configure:2166: result: a.out
configure:2171: checking whether the C compiler works
configure:2177: ./a.out
configure:2180: $? = 0
configure:2197: result: yes
configure:2204: checking whether we are cross compiling
configure:2206: result: no
configure:2209: checking for suffix of executables
configure:2211: gcc -o conftest    conftest.c  >&5
configure:2214: $? = 0
configure:2239: result: 
configure:2245: checking for suffix of object files
configure:2266: gcc -c   conftest.c >&5
configure:2269: $? = 0
configure:2291: result: o
configure:2295: checking whether we are using the GNU C compiler
configure:2319: gcc -c   conftest.c >&5
configure:2325: $? = 0
configure:2329: test -z 
			 || test ! -s conftest.err
configure:2332: $? = 0
configure:2335: test -s conftest.o
configure:2338: $? = 0
configure:2351: result: yes
configure:2357: checking whether gcc accepts -g
configure:2378: gcc -c -g  conftest.c >&5
configure:2384: $? = 0
configure:2388: test -z 
			 || test ! -s conftest.err
configure:2391: $? = 0
configure:2394: test -s conftest.o
configure:2397: $? = 0
configure:2408: result: yes
configure:2425: checking for gcc option to accept ANSI C
configure:2495: gcc  -c -g -O2  conftest.c >&5
configure:2501: $? = 0
configure:2505: test -z 
			 || test ! -s conftest.err
configure:2508: $? = 0
configure:2511: test -s conftest.o
configure:2514: $? = 0
configure:2532: result: none needed
configure:2550: gcc -c -g -O2  conftest.c >&5
conftest.c:2: error: syntax error before "me"
configure:2556: $? = 1
configure: failed program was:
| #ifndef __cplusplus
|   choke me
| #endif
configure:2700: checking for style of include used by make
configure:2728: result: GNU
configure:2756: checking dependency style of gcc
configure:2839: result: gcc3
configure:2869: checking for a BSD-compatible install
configure:2924: result: /usr/bin/install -c
configure:2935: checking whether make sets $(MAKE)
configure:2955: result: yes
configure:2966: checking for rm
configure:2984: found /bin/rm
configure:2996: result: /bin/rm
configure:3005: checking for cp
configure:3023: found /bin/cp
configure:3035: result: /bin/cp
configure:3045: checking for main in -lcrypt
configure:3069: gcc -o conftest -g -O2   conftest.c -lcrypt   >&5
configure:3075: $? = 0
configure:3079: test -z 
			 || test ! -s conftest.err
configure:3082: $? = 0
configure:3085: test -s conftest
configure:3088: $? = 0
configure:3101: result: yes
configure:3113: checking for main in -luser32
configure:3137: gcc -o conftest -g -O2   conftest.c -luser32  -lcrypt  >&5
/usr/bin/ld: cannot find -luser32
collect2: ld returned 1 exit status
configure:3143: $? = 1
configure: failed program was:
| /* confdefs.h.  */
| 
| #define PACKAGE_NAME "Darkbot"
| #define PACKAGE_TARNAME "darkbot"
| #define PACKAGE_VERSION "8rc1"
| #define PACKAGE_STRING "Darkbot 8rc1"
| #define PACKAGE_BUGREPORT "ron@darkbot.org"
| #define PACKAGE "darkbot"
| #define VERSION "7f3(dev)"
| #define HAVE_LIBCRYPT 1
| /* end confdefs.h.  */
| 
| 
| int
| main ()
| {
| main ();
|   ;
|   return 0;
| }
configure:3169: result: no
configure:3186: checking how to run the C preprocessor
configure:3221: gcc -E  conftest.c
configure:3227: $? = 0
configure:3259: gcc -E  conftest.c
conftest.c:12:28: ac_nonexistent.h: No such file or directory
configure:3265: $? = 1
configure: failed program was:
| /* confdefs.h.  */
| 
| #define PACKAGE_NAME "Darkbot"
| #define PACKAGE_TARNAME "darkbot"
| #define PACKAGE_VERSION "8rc1"
| #define PACKAGE_STRING "Darkbot 8rc1"
| #define PACKAGE_BUGREPORT "ron@darkbot.org"
| #define PACKAGE "darkbot"
| #define VERSION "7f3(dev)"
| #define HAVE_LIBCRYPT 1
| /* end confdefs.h.  */
| #include <ac_nonexistent.h>
configure:3304: result: gcc -E
configure:3328: gcc -E  conftest.c
configure:3334: $? = 0
configure:3366: gcc -E  conftest.c
conftest.c:12:28: ac_nonexistent.h: No such file or directory
configure:3372: $? = 1
configure: failed program was:
| /* confdefs.h.  */
| 
| #define PACKAGE_NAME "Darkbot"
| #define PACKAGE_TARNAME "darkbot"
| #define PACKAGE_VERSION "8rc1"
| #define PACKAGE_STRING "Darkbot 8rc1"
| #define PACKAGE_BUGREPORT "ron@darkbot.org"
| #define PACKAGE "darkbot"
| #define VERSION "7f3(dev)"
| #define HAVE_LIBCRYPT 1
| /* end confdefs.h.  */
| #include <ac_nonexistent.h>
configure:3416: checking for egrep
configure:3426: result: grep -E
configure:3431: checking for ANSI C header files
configure:3456: gcc -c -g -O2  conftest.c >&5
configure:3462: $? = 0
configure:3466: test -z 
			 || test ! -s conftest.err
configure:3469: $? = 0
configure:3472: test -s conftest.o
configure:3475: $? = 0
configure:3561: gcc -o conftest -g -O2   conftest.c -lcrypt  >&5
configure:3564: $? = 0
configure:3566: ./conftest
configure:3569: $? = 0
configure:3584: result: yes
configure:3608: checking for sys/types.h
configure:3624: gcc -c -g -O2  conftest.c >&5
configure:3630: $? = 0
configure:3634: test -z 
			 || test ! -s conftest.err
configure:3637: $? = 0
configure:3640: test -s conftest.o
configure:3643: $? = 0
configure:3654: result: yes
configure:3608: checking for sys/stat.h
configure:3624: gcc -c -g -O2  conftest.c >&5
configure:3630: $? = 0
configure:3634: test -z 
			 || test ! -s conftest.err
configure:3637: $? = 0
configure:3640: test -s conftest.o
configure:3643: $? = 0
configure:3654: result: yes
configure:3608: checking for stdlib.h
configure:3624: gcc -c -g -O2  conftest.c >&5
configure:3630: $? = 0
configure:3634: test -z 
			 || test ! -s conftest.err
configure:3637: $? = 0
configure:3640: test -s conftest.o
configure:3643: $? = 0
configure:3654: result: yes
configure:3608: checking for string.h
configure:3624: gcc -c -g -O2  conftest.c >&5
configure:3630: $? = 0
configure:3634: test -z 
			 || test ! -s conftest.err
configure:3637: $? = 0
configure:3640: test -s conftest.o
configure:3643: $? = 0
configure:3654: result: yes
configure:3608: checking for memory.h
configure:3624: gcc -c -g -O2  conftest.c >&5
configure:3630: $? = 0
configure:3634: test -z 
			 || test ! -s conftest.err
configure:3637: $? = 0
configure:3640: test -s conftest.o
configure:3643: $? = 0
configure:3654: result: yes
configure:3608: checking for strings.h
configure:3624: gcc -c -g -O2  conftest.c >&5
configure:3630: $? = 0
configure:3634: test -z 
			 || test ! -s conftest.err
configure:3637: $? = 0
configure:3640: test -s conftest.o
configure:3643: $? = 0
configure:3654: result: yes
configure:3608: checking for inttypes.h
configure:3624: gcc -c -g -O2  conftest.c >&5
configure:3630: $? = 0
configure:3634: test -z 
			 || test ! -s conftest.err
configure:3637: $? = 0
configure:3640: test -s conftest.o
configure:3643: $? = 0
configure:3654: result: yes
configure:3608: checking for stdint.h
configure:3624: gcc -c -g -O2  conftest.c >&5
configure:3630: $? = 0
configure:3634: test -z 
			 || test ! -s conftest.err
configure:3637: $? = 0
configure:3640: test -s conftest.o
configure:3643: $? = 0
configure:3654: result: yes
configure:3608: checking for unistd.h
configure:3624: gcc -c -g -O2  conftest.c >&5
configure:3630: $? = 0
configure:3634: test -z 
			 || test ! -s conftest.err
configure:3637: $? = 0
configure:3640: test -s conftest.o
configure:3643: $? = 0
configure:3654: result: yes
configure:3666: checking for clock_t size_t
configure:3690: gcc -c -g -O2  conftest.c >&5
conftest.c: In function `main':
conftest.c:59: error: `clock_t' undeclared (first use in this function)
conftest.c:59: error: (Each undeclared identifier is reported only once
conftest.c:59: error: for each function it appears in.)
conftest.c:59: error: syntax error before "size_t"
conftest.c:61: error: syntax error before "size_t"
configure:3696: $? = 1
configure: failed program was:
| /* confdefs.h.  */
| 
| #define PACKAGE_NAME "Darkbot"
| #define PACKAGE_TARNAME "darkbot"
| #define PACKAGE_VERSION "8rc1"
| #define PACKAGE_STRING "Darkbot 8rc1"
| #define PACKAGE_BUGREPORT "ron@darkbot.org"
| #define PACKAGE "darkbot"
| #define VERSION "7f3(dev)"
| #define HAVE_LIBCRYPT 1
| #define STDC_HEADERS 1
| #define HAVE_SYS_TYPES_H 1
| #define HAVE_SYS_STAT_H 1
| #define HAVE_STDLIB_H 1
| #define HAVE_STRING_H 1
| #define HAVE_MEMORY_H 1
| #define HAVE_STRINGS_H 1
| #define HAVE_INTTYPES_H 1
| #define HAVE_STDINT_H 1
| #define HAVE_UNISTD_H 1
| /* end confdefs.h.  */
| #include <stdio.h>
| #if HAVE_SYS_TYPES_H
| # include <sys/types.h>
| #endif
| #if HAVE_SYS_STAT_H
| # include <sys/stat.h>
| #endif
| #if STDC_HEADERS
| # include <stdlib.h>
| # include <stddef.h>
| #else
| # if HAVE_STDLIB_H
| #  include <stdlib.h>
| # endif
| #endif
| #if HAVE_STRING_H
| # if !STDC_HEADERS && HAVE_MEMORY_H
| #  include <memory.h>
| # endif
| # include <string.h>
| #endif
| #if HAVE_STRINGS_H
| # include <strings.h>
| #endif
| #if HAVE_INTTYPES_H
| # include <inttypes.h>
| #else
| # if HAVE_STDINT_H
| #  include <stdint.h>
| # endif
| #endif
| #if HAVE_UNISTD_H
| # include <unistd.h>
| #endif
| int
| main ()
| {
| if ((clock_t size_t *) 0)
|   return 0;
| if (sizeof (clock_t size_t))
|   return 0;
|   ;
|   return 0;
| }
configure:3720: result: no
configure:3740: checking for dirent.h that defines DIR
configure:3764: gcc -c -g -O2  conftest.c >&5
configure:3770: $? = 0
configure:3774: test -z 
			 || test ! -s conftest.err
configure:3777: $? = 0
configure:3780: test -s conftest.o
configure:3783: $? = 0
configure:3794: result: yes
configure:3807: checking for library containing opendir
configure:3837: gcc -o conftest -g -O2   conftest.c -lcrypt  >&5
configure:3843: $? = 0
configure:3847: test -z 
			 || test ! -s conftest.err
configure:3850: $? = 0
configure:3853: test -s conftest
configure:3856: $? = 0
configure:3926: result: none required
configure:4062: checking for ANSI C header files
configure:4215: result: yes
configure:4242: checking fcntl.h usability
configure:4254: gcc -c -g -O2  conftest.c >&5
configure:4260: $? = 0
configure:4264: test -z 
			 || test ! -s conftest.err
configure:4267: $? = 0
configure:4270: test -s conftest.o
configure:4273: $? = 0
configure:4283: result: yes
configure:4287: checking fcntl.h presence
configure:4297: gcc -E  conftest.c
configure:4303: $? = 0
configure:4323: result: yes
configure:4358: checking for fcntl.h
configure:4365: result: yes
configure:4242: checking sys/time.h usability
configure:4254: gcc -c -g -O2  conftest.c >&5
configure:4260: $? = 0
configure:4264: test -z 
			 || test ! -s conftest.err
configure:4267: $? = 0
configure:4270: test -s conftest.o
configure:4273: $? = 0
configure:4283: result: yes
configure:4287: checking sys/time.h presence
configure:4297: gcc -E  conftest.c
configure:4303: $? = 0
configure:4323: result: yes
configure:4358: checking for sys/time.h
configure:4365: result: yes
configure:4233: checking for unistd.h
configure:4238: result: yes
configure:4388: checking windows.h usability
configure:4400: gcc -c -g -O2  conftest.c >&5
conftest.c:61:21: windows.h: No such file or directory
configure:4406: $? = 1
configure: failed program was:
| /* confdefs.h.  */
| 
| #define PACKAGE_NAME "Darkbot"
| #define PACKAGE_TARNAME "darkbot"
| #define PACKAGE_VERSION "8rc1"
| #define PACKAGE_STRING "Darkbot 8rc1"
| #define PACKAGE_BUGREPORT "ron@darkbot.org"
| #define PACKAGE "darkbot"
| #define VERSION "7f3(dev)"
| #define HAVE_LIBCRYPT 1
| #define STDC_HEADERS 1
| #define HAVE_SYS_TYPES_H 1
| #define HAVE_SYS_STAT_H 1
| #define HAVE_STDLIB_H 1
| #define HAVE_STRING_H 1
| #define HAVE_MEMORY_H 1
| #define HAVE_STRINGS_H 1
| #define HAVE_INTTYPES_H 1
| #define HAVE_STDINT_H 1
| #define HAVE_UNISTD_H 1
| #define HAVE_DIRENT_H 1
| #define STDC_HEADERS 1
| #define HAVE_FCNTL_H 1
| #define HAVE_SYS_TIME_H 1
| #define HAVE_UNISTD_H 1
| /* end confdefs.h.  */
| #include <stdio.h>
| #if HAVE_SYS_TYPES_H
| # include <sys/types.h>
| #endif
| #if HAVE_SYS_STAT_H
| # include <sys/stat.h>
| #endif
| #if STDC_HEADERS
| # include <stdlib.h>
| # include <stddef.h>
| #else
| # if HAVE_STDLIB_H
| #  include <stdlib.h>
| # endif
| #endif
| #if HAVE_STRING_H
| # if !STDC_HEADERS && HAVE_MEMORY_H
| #  include <memory.h>
| # endif
| # include <string.h>
| #endif
| #if HAVE_STRINGS_H
| # include <strings.h>
| #endif
| #if HAVE_INTTYPES_H
| # include <inttypes.h>
| #else
| # if HAVE_STDINT_H
| #  include <stdint.h>
| # endif
| #endif
| #if HAVE_UNISTD_H
| # include <unistd.h>
| #endif
| #include <windows.h>
configure:4429: result: no
configure:4433: checking windows.h presence
configure:4443: gcc -E  conftest.c
conftest.c:27:21: windows.h: No such file or directory
configure:4449: $? = 1
configure: failed program was:
| /* confdefs.h.  */
| 
| #define PACKAGE_NAME "Darkbot"
| #define PACKAGE_TARNAME "darkbot"
| #define PACKAGE_VERSION "8rc1"
| #define PACKAGE_STRING "Darkbot 8rc1"
| #define PACKAGE_BUGREPORT "ron@darkbot.org"
| #define PACKAGE "darkbot"
| #define VERSION "7f3(dev)"
| #define HAVE_LIBCRYPT 1
| #define STDC_HEADERS 1
| #define HAVE_SYS_TYPES_H 1
| #define HAVE_SYS_STAT_H 1
| #define HAVE_STDLIB_H 1
| #define HAVE_STRING_H 1
| #define HAVE_MEMORY_H 1
| #define HAVE_STRINGS_H 1
| #define HAVE_INTTYPES_H 1
| #define HAVE_STDINT_H 1
| #define HAVE_UNISTD_H 1
| #define HAVE_DIRENT_H 1
| #define STDC_HEADERS 1
| #define HAVE_FCNTL_H 1
| #define HAVE_SYS_TIME_H 1
| #define HAVE_UNISTD_H 1
| /* end confdefs.h.  */
| #include <windows.h>
configure:4469: result: no
configure:4504: checking for windows.h
configure:4511: result: no
configure:4525: checking for an ANSI C-conforming const
configure:4592: gcc -c -g -O2  conftest.c >&5
configure:4598: $? = 0
configure:4602: test -z 
			 || test ! -s conftest.err
configure:4605: $? = 0
configure:4608: test -s conftest.o
configure:4611: $? = 0
configure:4622: result: yes
configure:4633: checking whether time.h and sys/time.h may both be included
configure:4658: gcc -c -g -O2  conftest.c >&5
configure:4664: $? = 0
configure:4668: test -z 
			 || test ! -s conftest.err
configure:4671: $? = 0
configure:4674: test -s conftest.o
configure:4677: $? = 0
configure:4688: result: yes
configure:4699: checking return type of signal handlers
configure:4730: gcc -c -g -O2  conftest.c >&5
configure:4736: $? = 0
configure:4740: test -z 
			 || test ! -s conftest.err
configure:4743: $? = 0
configure:4746: test -s conftest.o
configure:4749: $? = 0
configure:4760: result: void
configure:4772: checking for vprintf
configure:4829: gcc -o conftest -g -O2   conftest.c -lcrypt  >&5
conftest.c:53: warning: conflicting types for built-in function `vprintf'
configure:4835: $? = 0
configure:4839: test -z 
			 || test ! -s conftest.err
configure:4842: $? = 0
configure:4845: test -s conftest
configure:4848: $? = 0
configure:4860: result: yes
configure:4867: checking for _doprnt
configure:4924: gcc -o conftest -g -O2   conftest.c -lcrypt  >&5
/tmp/ccsBOsK2.o(.text+0x11): In function `main':
/home/zloy/olivka/conftest.c:70: undefined reference to `_doprnt'
/tmp/ccsBOsK2.o(.data+0x0):/home/zloy/olivka/conftest.c:69: undefined reference to `_doprnt'
collect2: ld returned 1 exit status
configure:4930: $? = 1
configure: failed program was:
| /* confdefs.h.  */
| 
| #define PACKAGE_NAME "Darkbot"
| #define PACKAGE_TARNAME "darkbot"
| #define PACKAGE_VERSION "8rc1"
| #define PACKAGE_STRING "Darkbot 8rc1"
| #define PACKAGE_BUGREPORT "ron@darkbot.org"
| #define PACKAGE "darkbot"
| #define VERSION "7f3(dev)"
| #define HAVE_LIBCRYPT 1
| #define STDC_HEADERS 1
| #define HAVE_SYS_TYPES_H 1
| #define HAVE_SYS_STAT_H 1
| #define HAVE_STDLIB_H 1
| #define HAVE_STRING_H 1
| #define HAVE_MEMORY_H 1
| #define HAVE_STRINGS_H 1
| #define HAVE_INTTYPES_H 1
| #define HAVE_STDINT_H 1
| #define HAVE_UNISTD_H 1
| #define HAVE_DIRENT_H 1
| #define STDC_HEADERS 1
| #define HAVE_FCNTL_H 1
| #define HAVE_SYS_TIME_H 1
| #define HAVE_UNISTD_H 1
| #define TIME_WITH_SYS_TIME 1
| #define RETSIGTYPE void
| #define HAVE_VPRINTF 1
| /* end confdefs.h.  */
| /* Define _doprnt to an innocuous variant, in case <limits.h> declares _doprnt.
|    For example, HP-UX 11i <limits.h> declares gettimeofday.  */
| #define _doprnt innocuous__doprnt
| 
| /* System header to define __stub macros and hopefully few prototypes,
|     which can conflict with char _doprnt (); below.
|     Prefer <limits.h> to <assert.h> if __STDC__ is defined, since
|     <limits.h> exists even on freestanding compilers.  */
| 
| #ifdef __STDC__
| # include <limits.h>
| #else
| # include <assert.h>
| #endif
| 
| #undef _doprnt
| 
| /* Override any gcc2 internal prototype to avoid an error.  */
| #ifdef __cplusplus
| extern "C"
| {
| #endif
| /* We use char because int might match the return type of a gcc2
|    builtin and then its argument prototype would still apply.  */
| char _doprnt ();
| /* The GNU C library defines this for functions which it implements
|     to always fail with ENOSYS.  Some functions are actually named
|     something starting with __ and the normal name is an alias.  */
| #if defined (__stub__doprnt) || defined (__stub____doprnt)
| choke me
| #else
| char (*f) () = _doprnt;
| #endif
| #ifdef __cplusplus
| }
| #endif
| 
| int
| main ()
| {
| return f != _doprnt;
|   ;
|   return 0;
| }
configure:4955: result: no
configure:4978: checking for select
configure:5035: gcc -o conftest -g -O2   conftest.c -lcrypt  >&5
configure:5041: $? = 0
configure:5045: test -z 
			 || test ! -s conftest.err
configure:5048: $? = 0
configure:5051: test -s conftest
configure:5054: $? = 0
configure:5066: result: yes
configure:4978: checking for socket
configure:5035: gcc -o conftest -g -O2   conftest.c -lcrypt  >&5
configure:5041: $? = 0
configure:5045: test -z 
			 || test ! -s conftest.err
configure:5048: $? = 0
configure:5051: test -s conftest
configure:5054: $? = 0
configure:5066: result: yes
configure:4978: checking for strspn
configure:5035: gcc -o conftest -g -O2   conftest.c -lcrypt  >&5
conftest.c:56: warning: conflicting types for built-in function `strspn'
configure:5041: $? = 0
configure:5045: test -z 
			 || test ! -s conftest.err
configure:5048: $? = 0
configure:5051: test -s conftest
configure:5054: $? = 0
configure:5066: result: yes
configure:4978: checking for strstr
configure:5035: gcc -o conftest -g -O2   conftest.c -lcrypt  >&5
conftest.c:57: warning: conflicting types for built-in function `strstr'
configure:5041: $? = 0
configure:5045: test -z 
			 || test ! -s conftest.err
configure:5048: $? = 0
configure:5051: test -s conftest
configure:5054: $? = 0
configure:5066: result: yes
configure:4978: checking for strtol
configure:5035: gcc -o conftest -g -O2   conftest.c -lcrypt  >&5
configure:5041: $? = 0
configure:5045: test -z 
			 || test ! -s conftest.err
configure:5048: $? = 0
configure:5051: test -s conftest
configure:5054: $? = 0
configure:5066: result: yes
configure:4978: checking for snprintf
configure:5035: gcc -o conftest -g -O2   conftest.c -lcrypt  >&5
conftest.c:59: warning: conflicting types for built-in function `snprintf'
configure:5041: $? = 0
configure:5045: test -z 
			 || test ! -s conftest.err
configure:5048: $? = 0
configure:5051: test -s conftest
configure:5054: $? = 0
configure:5066: result: yes
configure:5199: creating ./config.status

## ---------------------- ##
## Running config.status. ##
## ---------------------- ##

This file was extended by Darkbot config.status 8rc1, which was
generated by GNU Autoconf 2.59.  Invocation command line was

  CONFIG_FILES    = 
  CONFIG_HEADERS  = 
  CONFIG_LINKS    = 
  CONFIG_COMMANDS = 
  $ ./config.status 

on acidflash

config.status:692: creating source/Makefile
config.status:692: creating Makefile
config.status:796: creating source/config.h
config.status:932: source/config.h is unchanged
config.status:1112: executing depfiles commands

## ---------------- ##
## Cache variables. ##
## ---------------- ##

ac_cv_c_compiler_gnu=yes
ac_cv_c_const=yes
ac_cv_env_CC_set=
ac_cv_env_CC_value=
ac_cv_env_CFLAGS_set=
ac_cv_env_CFLAGS_value=
ac_cv_env_CPPFLAGS_set=
ac_cv_env_CPPFLAGS_value=
ac_cv_env_CPP_set=
ac_cv_env_CPP_value=
ac_cv_env_LDFLAGS_set=
ac_cv_env_LDFLAGS_value=
ac_cv_env_build_alias_set=
ac_cv_env_build_alias_value=
ac_cv_env_host_alias_set=
ac_cv_env_host_alias_value=
ac_cv_env_target_alias_set=
ac_cv_env_target_alias_value=
ac_cv_exeext=
ac_cv_func__doprnt=no
ac_cv_func_select=yes
ac_cv_func_snprintf=yes
ac_cv_func_socket=yes
ac_cv_func_strspn=yes
ac_cv_func_strstr=yes
ac_cv_func_strtol=yes
ac_cv_func_vprintf=yes
ac_cv_header_dirent_dirent_h=yes
ac_cv_header_fcntl_h=yes
ac_cv_header_inttypes_h=yes
ac_cv_header_memory_h=yes
ac_cv_header_stdc=yes
ac_cv_header_stdint_h=yes
ac_cv_header_stdlib_h=yes
ac_cv_header_string_h=yes
ac_cv_header_strings_h=yes
ac_cv_header_sys_stat_h=yes
ac_cv_header_sys_time_h=yes
ac_cv_header_sys_types_h=yes
ac_cv_header_time=yes
ac_cv_header_unistd_h=yes
ac_cv_header_windows_h=no
ac_cv_lib_crypt_main=yes
ac_cv_lib_user32_main=no
ac_cv_objext=o
ac_cv_path_CP=/bin/cp
ac_cv_path_RM=/bin/rm
ac_cv_path_install='/usr/bin/install -c'
ac_cv_prog_AWK=mawk
ac_cv_prog_CPP='gcc -E'
ac_cv_prog_ac_ct_CC=gcc
ac_cv_prog_cc_g=yes
ac_cv_prog_cc_stdc=
ac_cv_prog_egrep='grep -E'
ac_cv_prog_make_make_set=yes
ac_cv_search_opendir='none required'
ac_cv_type_clock_t_size_t=no
ac_cv_type_signal=void
am_cv_CC_dependencies_compiler_type=gcc3

## ----------------- ##
## Output variables. ##
## ----------------- ##

ACLOCAL='${SHELL} /home/zloy/olivka/missing --run aclocal-1.7'
AMDEPBACKSLASH='\'
AMDEP_FALSE='#'
AMDEP_TRUE=''
AMTAR='${SHELL} /home/zloy/olivka/missing --run tar'
AUTOCONF='${SHELL} /home/zloy/olivka/missing --run autoconf'
AUTOHEADER='${SHELL} /home/zloy/olivka/missing --run autoheader'
AUTOMAKE='${SHELL} /home/zloy/olivka/missing --run automake-1.7'
AWK='mawk'
CC='gcc'
CCDEPMODE='depmode=gcc3'
CFLAGS='-g -O2'
CP='/bin/cp'
CPP='gcc -E'
CPPFLAGS=''
CYGPATH_W='echo'
DEFS='-DHAVE_CONFIG_H'
DEPDIR='.deps'
ECHO_C=''
ECHO_N='-n'
ECHO_T=''
EGREP='grep -E'
EXEEXT=''
INSTALL_DATA='${INSTALL} -m 644'
INSTALL_PROGRAM='${INSTALL}'
INSTALL_SCRIPT='${INSTALL}'
INSTALL_STRIP_PROGRAM='${SHELL} $(install_sh) -c -s'
LDFLAGS=''
LIBOBJS=''
LIBS='-lcrypt '
LTLIBOBJS=''
MAINT='#'
MAINTAINER_MODE_FALSE=''
MAINTAINER_MODE_TRUE='#'
MAKEINFO='${SHELL} /home/zloy/olivka/missing --run makeinfo'
OBJEXT='o'
PACKAGE='darkbot'
PACKAGE_BUGREPORT='ron@darkbot.org'
PACKAGE_NAME='Darkbot'
PACKAGE_STRING='Darkbot 8rc1'
PACKAGE_TARNAME='darkbot'
PACKAGE_VERSION='8rc1'
PATH_SEPARATOR=':'
RM='/bin/rm'
SET_MAKE=''
SHELL='/bin/sh'
STRIP=''
VERSION='7f3(dev)'
ac_ct_CC='gcc'
ac_ct_STRIP=''
am__fastdepCC_FALSE='#'
am__fastdepCC_TRUE=''
am__include='include'
am__leading_dot='.'
am__quote=''
bindir='${exec_prefix}/bin'
build_alias=''
datadir='${prefix}/share'
exec_prefix='${prefix}'
host_alias=''
includedir='${prefix}/include'
infodir='${prefix}/info'
install_sh='/home/zloy/olivka/install-sh'
libdir='${exec_prefix}/lib'
libexecdir='${exec_prefix}/libexec'
localstatedir='${prefix}/var'
mandir='${prefix}/man'
oldincludedir='/usr/include'
prefix='${HOME}/darkbot'
program_transform_name='s,x,x,'
sbindir='${exec_prefix}/sbin'
sharedstatedir='${prefix}/com'
sysconfdir='${prefix}/etc'
target_alias=''

## ----------- ##
## confdefs.h. ##
## ----------- ##

#define HAVE_DIRENT_H 1
#define HAVE_FCNTL_H 1
#define HAVE_INTTYPES_H 1
#define HAVE_LIBCRYPT 1
#define HAVE_MEMORY_H 1
#define HAVE_SELECT 1
#define HAVE_SNPRINTF 1
#define HAVE_SOCKET 1
#define HAVE_STDINT_H 1
#define HAVE_STDLIB_H 1
#define HAVE_STRINGS_H 1
#define HAVE_STRING_H 1
#define HAVE_STRSPN 1
#define HAVE_STRSTR 1
#define HAVE_STRTOL 1
#define HAVE_SYS_STAT_H 1
#define HAVE_SYS_TIME_H 1
#define HAVE_SYS_TYPES_H 1
#define HAVE_UNISTD_H 1
#define HAVE_UNISTD_H 1
#define HAVE_VPRINTF 1
#define PACKAGE "darkbot"
#define PACKAGE_BUGREPORT "ron@darkbot.org"
#define PACKAGE_NAME "Darkbot"
#define PACKAGE_STRING "Darkbot 8rc1"
#define PACKAGE_TARNAME "darkbot"
#define PACKAGE_VERSION "8rc1"
#define RETSIGTYPE void
#define STDC_HEADERS 1
#define STDC_HEADERS 1
#define TIME_WITH_SYS_TIME 1
#define VERSION "7f3(dev)"

configure: exit 0
