9101639011 http://mtt.ru/info/def/index.wbp?def=910&number=1639011&region=&standard=&date=&operator=
9101639011 http://mtt.ru/info/def/index.wbp?def=910&number=1639011&region=&standard=&date=&operator=
9101639015 http://mtt.ru/info/def/index.wbp?def=910&number=1639015&region=&standard=&date=&operator=
9036652345 http://mtt.ru/info/def/index.wbp?def=903&number=6652345&region=&standard=&date=&operator=
9101639015 http://mtt.ru/info/def/index.wbp?def=910&number=1639015&region=&standard=&date=&operator=
9101639015 http://mtt.ru/info/def/index.wbp?def=910&number=1639015&region=&standard=&date=&operator=
9101639015 http://mtt.ru/info/def/index.wbp?def=910&number=1639015&region=&standard=&date=&operator=
9031234567 http://mtt.ru/info/def/index.wbp?def=903&number=1234567&region=&standard=&date=&operator=
9622785680 http://mtt.ru/info/def/index.wbp?def=962&number=2785680&region=&standard=&date=&operator=
9622785680 http://mtt.ru/info/def/index.wbp?def=962&number=2785680&region=&standard=&date=&operator=
9107031711 http://mtt.ru/info/def/index.wbp?def=910&number=7031711&region=&standard=&date=&operator=
2345678901 http://mtt.ru/info/def/index.wbp?def=234&number=5678901&region=&standard=&date=&operator=
1234567890 http://mtt.ru/info/def/index.wbp?def=123&number=4567890&region=&standard=&date=&operator=
9202700303 http://mtt.ru/info/def/index.wbp?def=920&number=2700303&region=&standard=&date=&operator=
9226504342 http://mtt.ru/info/def/index.wbp?def=922&number=6504342&region=&standard=&date=&operator=
7105544349 http://mtt.ru/info/def/index.wbp?def=710&number=5544349&region=&standard=&date=&operator=
9105544349 http://mtt.ru/info/def/index.wbp?def=910&number=5544349&region=&standard=&date=&operator=
9029400277 http://mtt.ru/info/def/index.wbp?def=902&number=9400277&region=&standard=&date=&operator=
9031674685 http://mtt.ru/info/def/index.wbp?def=903&number=1674685&region=&standard=&date=&operator=
9031674685 http://mtt.ru/info/def/index.wbp?def=903&number=1674685&region=&standard=&date=&operator=
9105544349 http://mtt.ru/info/def/index.wbp?def=910&number=5544349&region=&standard=&date=&operator=
9199979970 http://mtt.ru/info/def/index.wbp?def=919&number=9979970&region=&standard=&date=&operator=
9199979970 http://mtt.ru/info/def/index.wbp?def=919&number=9979970&region=&standard=&date=&operator=
9500355878 http://mtt.ru/info/def/index.wbp?def=950&number=0355878&region=&standard=&date=&operator=
9202754035 http://mtt.ru/info/def/index.wbp?def=920&number=2754035&region=&standard=&date=&operator=
9202754035 http://mtt.ru/info/def/index.wbp?def=920&number=2754035&region=&standard=&date=&operator=
9109456000 http://mtt.ru/info/def/index.wbp?def=910&number=9456000&region=&standard=&date=&operator=
4872308070 http://mtt.ru/info/def/index.wbp?def=487&number=2308070&region=&standard=&date=&operator=
9202754035 http://mtt.ru/info/def/index.wbp?def=920&number=2754035&region=&standard=&date=&operator=
9622785680 http://mtt.ru/info/def/index.wbp?def=962&number=2785680&region=&standard=&date=&operator=
9202754035 http://mtt.ru/info/def/index.wbp?def=920&number=2754035&region=&standard=&date=&operator=
9610013354 http://mtt.ru/info/def/index.wbp?def=961&number=0013354&region=&standard=&date=&operator=
9268238011 http://mtt.ru/info/def/index.wbp?def=926&number=8238011&region=&standard=&date=&operator=
9163339095 http://mtt.ru/info/def/index.wbp?def=916&number=3339095&region=&standard=&date=&operator=
9622706899 http://mtt.ru/info/def/index.wbp?def=962&number=2706899&region=&standard=&date=&operator=
9622706899 http://mtt.ru/info/def/index.wbp?def=962&number=2706899&region=&standard=&date=&operator=
9622706899 http://mtt.ru/info/def/index.wbp?def=962&number=2706899&region=&standard=&date=&operator=
9207559753 http://mtt.ru/info/def/index.wbp?def=920&number=7559753&region=&standard=&date=&operator=
9619867736 http://mtt.ru/info/def/index.wbp?def=961&number=9867736&region=&standard=&date=&operator=
9038540000 http://mtt.ru/info/def/index.wbp?def=903&number=8540000&region=&standard=&date=&operator=
8342456449 http://mtt.ru/info/def/index.wbp?def=834&number=2456449&region=&standard=&date=&operator=
9101503927 http://mtt.ru/info/def/index.wbp?def=910&number=1503927&region=&standard=&date=&operator=
9268238011 http://mtt.ru/info/def/index.wbp?def=926&number=8238011&region=&standard=&date=&operator=
9157844352 http://mtt.ru/info/def/index.wbp?def=915&number=7844352&region=&standard=&date=&operator=
9519625040 http://mtt.ru/info/def/index.wbp?def=951&number=9625040&region=&standard=&date=&operator=
9611483154 http://mtt.ru/info/def/index.wbp?def=961&number=1483154&region=&standard=&date=&operator=
9053707607 http://mtt.ru/info/def/index.wbp?def=905&number=3707607&region=&standard=&date=&operator=
9053707607 http://mtt.ru/info/def/index.wbp?def=905&number=3707607&region=&standard=&date=&operator=
9803392800 http://mtt.ru/info/def/index.wbp?def=980&number=3392800&region=&standard=&date=&operator=
9051188253 http://mtt.ru/info/def/index.wbp?def=905&number=1188253&region=&standard=&date=&operator=
9051188253 http://mtt.ru/info/def/index.wbp?def=905&number=1188253&region=&standard=&date=&operator=
9157576629 http://mtt.ru/info/def/index.wbp?def=915&number=7576629&region=&standard=&date=&operator=
9157576629 http://mtt.ru/info/def/index.wbp?def=915&number=7576629&region=&standard=&date=&operator=
9280573111 http://mtt.ru/info/def/index.wbp?def=928&number=0573111&region=&standard=&date=&operator=
9280573111 http://mtt.ru/info/def/index.wbp?def=928&number=0573111&region=&standard=&date=&operator=
9280573111 http://mtt.ru/info/def/index.wbp?def=928&number=0573111&region=&standard=&date=&operator=
9611483154 http://mtt.ru/info/def/index.wbp?def=961&number=1483154&region=&standard=&date=&operator=
9202700303 http://mtt.ru/info/def/index.wbp?def=920&number=2700303&region=&standard=&date=&operator=
9202700303 http://mtt.ru/info/def/index.wbp?def=920&number=2700303&region=&standard=&date=&operator=
9202700303 http://mtt.ru/info/def/index.wbp?def=920&number=2700303&region=&standard=&date=&operator=
9067402619 http://mtt.ru/info/def/index.wbp?def=906&number=7402619&region=&standard=&date=&operator=
9067402619 http://mtt.ru/info/def/index.wbp?def=906&number=7402619&region=&standard=&date=&operator=
9067402619 http://mtt.ru/info/def/index.wbp?def=906&number=7402619&region=&standard=&date=&operator=
9202700303 http://mtt.ru/info/def/index.wbp?def=920&number=2700303&region=&standard=&date=&operator=
